[INFO ] 2020-10-25 15:31:10.644 [main] App - This is info
[ERROR] 2020-10-25 15:31:10.647 [main] App - this is error
[WARN ] 2020-10-25 15:31:10.647 [main] App - this is warning
[FATAL] 2020-10-25 15:31:10.647 [main] App - this is fatal
[INFO ] 2020-10-25 15:48:59.029 [main] App - This is info
[ERROR] 2020-10-25 15:48:59.035 [main] App - this is error
[WARN ] 2020-10-25 15:48:59.035 [main] App - this is warning
[FATAL] 2020-10-25 15:48:59.035 [main] App - this is fatal
[INFO ] 2020-10-25 16:38:45.395 [main] App - This is infonull
[ERROR] 2020-10-25 16:38:45.399 [main] App - this is error
[WARN ] 2020-10-25 16:38:45.399 [main] App - this is warning
[FATAL] 2020-10-25 16:38:45.399 [main] App - this is fatal
[INFO ] 2020-10-25 17:12:23.137 [main] App - This is infonull
[ERROR] 2020-10-25 17:12:23.141 [main] App - this is error
[WARN ] 2020-10-25 17:12:23.142 [main] App - this is warning
[FATAL] 2020-10-25 17:12:23.142 [main] App - this is fatal
[INFO ] 2020-10-25 18:03:30.472 [main] App - This is infonull
[ERROR] 2020-10-25 18:03:30.481 [main] App - this is error
[WARN ] 2020-10-25 18:03:30.481 [main] App - this is warning
[FATAL] 2020-10-25 18:03:30.481 [main] App - this is fatal
[INFO ] 2020-10-25 18:03:42.382 [main] App - This is infonull
[ERROR] 2020-10-25 18:03:42.385 [main] App - this is error
[WARN ] 2020-10-25 18:03:42.385 [main] App - this is warning
[FATAL] 2020-10-25 18:03:42.385 [main] App - this is fatal
[INFO ] 2020-10-25 18:04:24.031 [main] App - This is infonull
[ERROR] 2020-10-25 18:04:24.035 [main] App - this is error
[WARN ] 2020-10-25 18:04:24.036 [main] App - this is warning
[FATAL] 2020-10-25 18:04:24.036 [main] App - this is fatal
[INFO ] 2020-10-25 18:07:50.044 [main] App - This is infonull
[ERROR] 2020-10-25 18:07:50.049 [main] App - this is error
[WARN ] 2020-10-25 18:07:50.049 [main] App - this is warning
[FATAL] 2020-10-25 18:07:50.049 [main] App - this is fatal
[INFO ] 2020-10-25 18:09:50.059 [main] App - This is infonull
[ERROR] 2020-10-25 18:09:50.063 [main] App - this is error
[WARN ] 2020-10-25 18:09:50.064 [main] App - this is warning
[FATAL] 2020-10-25 18:09:50.064 [main] App - this is fatal
[INFO ] 2020-10-25 18:10:38.291 [main] App - This is infonull
[ERROR] 2020-10-25 18:10:38.296 [main] App - this is error
[WARN ] 2020-10-25 18:10:38.297 [main] App - this is warning
[FATAL] 2020-10-25 18:10:38.297 [main] App - this is fatal
[INFO ] 2020-10-25 18:19:28.831 [main] App - This is infonull
[ERROR] 2020-10-25 18:19:28.836 [main] App - this is error
[WARN ] 2020-10-25 18:19:28.837 [main] App - this is warning
[FATAL] 2020-10-25 18:19:28.837 [main] App - this is fatal
[INFO ] 2020-10-25 18:24:48.926 [main] App - This is infonull
[ERROR] 2020-10-25 18:24:48.930 [main] App - this is error
[WARN ] 2020-10-25 18:24:48.930 [main] App - this is warning
[FATAL] 2020-10-25 18:24:48.930 [main] App - this is fatal
[INFO ] 2020-10-25 18:26:07.019 [main] App - This is infonull
[ERROR] 2020-10-25 18:26:07.024 [main] App - this is error
[WARN ] 2020-10-25 18:26:07.025 [main] App - this is warning
[FATAL] 2020-10-25 18:26:07.025 [main] App - this is fatal
[INFO ] 2020-10-25 18:34:03.408 [main] App - This is infonull
[ERROR] 2020-10-25 18:34:03.414 [main] App - this is error
[WARN ] 2020-10-25 18:34:03.414 [main] App - this is warning
[FATAL] 2020-10-25 18:34:03.414 [main] App - this is fatal
[INFO ] 2020-10-25 18:35:29.576 [main] App - This is infonull
[ERROR] 2020-10-25 18:35:29.580 [main] App - this is error
[WARN ] 2020-10-25 18:35:29.580 [main] App - this is warning
[FATAL] 2020-10-25 18:35:29.580 [main] App - this is fatal
[INFO ] 2020-10-25 18:37:15.436 [main] App - This is info 1
[ERROR] 2020-10-25 18:37:15.439 [main] App - this is error 1
[WARN ] 2020-10-25 18:37:15.440 [main] App - this is warning1
[FATAL] 2020-10-25 18:37:15.440 [main] App - this is fatal1
[INFO ] 2020-10-25 18:38:11.997 [main] App - This is info 4
[ERROR] 2020-10-25 18:38:12.001 [main] App - this is error 4
[WARN ] 2020-10-25 18:38:12.001 [main] App - this is warning 4
[FATAL] 2020-10-25 18:38:12.002 [main] App - this is fatal 4
